<?xml version="1.0" encoding="UTF-8"?>
<!-- Generated by org.testng.reporters.JUnitXMLReporter -->
<testsuite ignored="0" hostname="DESKTOP-4JVPPEU" failures="1" tests="6" name="hi" time="76.659" errors="0" timestamp="2022-11-27T12:09:23 IST">
  <testcase classname="testcases.Search_TC" name="demo" time="3.263"/>
  <testcase classname="testcases.Login_TC" name="Login" time="5.675"/>
  <testcase classname="testcases.Login_TC" name="Login" time="4.941"/>
  <testcase classname="testcases.Advance_Search" name="demo" time="0.006">
    <failure type="org.testng.internal.reflect.MethodMatcherException" message="
[public void testcases.Advance_Search.demo(java.lang.String,java.lang.String,java.lang.String,java.lang.String,java.lang.String) throws java.lang.InterruptedException] has no parameters defined but was found to be using a data provider (either explicitly specified or inherited from class level annotation).
Data provider mismatch
Method: demo([Parameter{index=0, type=java.lang.String, declaredAnnotations=[]}, Parameter{index=1, type=java.lang.String, declaredAnnotations=[]}, Parameter{index=2, type=java.lang.String, declaredAnnotations=[]}, Parameter{index=3, type=java.lang.String, declaredAnnotations=[]}, Parameter{index=4, type=java.lang.String, declaredAnnotations=[]}])
Arguments: [(java.lang.String) computers,(java.lang.String) 1000,(java.lang.String) 90000,(java.lang.String) Computers,(java.lang.Integer) 1]">
      <![CDATA[org.testng.internal.reflect.MethodMatcherException: 
[public void testcases.Advance_Search.demo(java.lang.String,java.lang.String,java.lang.String,java.lang.String,java.lang.String) throws java.lang.InterruptedException] has no parameters defined but was found to be using a data provider (either explicitly specified or inherited from class level annotation).
Data provider mismatch
Method: demo([Parameter{index=0, type=java.lang.String, declaredAnnotations=[]}, Parameter{index=1, type=java.lang.String, declaredAnnotations=[]}, Parameter{index=2, type=java.lang.String, declaredAnnotations=[]}, Parameter{index=3, type=java.lang.String, declaredAnnotations=[]}, Parameter{index=4, type=java.lang.String, declaredAnnotations=[]}])
Arguments: [(java.lang.String) computers,(java.lang.String) 1000,(java.lang.String) 90000,(java.lang.String) Computers,(java.lang.Integer) 1]
at java.base/java.util.ArrayList.forEach(ArrayList.java:1511)
... Removed 22 stack frames]]>
    </failure>
  </testcase> <!-- demo -->
  <testcase classname="testcases.Register_TC" name="reg" time="4.179"/>
  <testcase classname="testcases.Computers_Accessories" name="accessories" time="1.682"/>
</testsuite> <!-- hi -->
